[0.661s] Invoking command in '/root/project_root/src/robotics_trial': PYTHONPATH=/root/project_root/build/robotics_trial/prefix_override:/usr/lib/python3/dist-packages/colcon_core/task/python/colcon_distutils_commands:/root/project_root/install/robotics_trial/lib/python3.10/site-packages:${PYTHONPATH} /usr/bin/python3 -W ignore:setup.py install is deprecated setup.py egg_info --egg-base ../../build/robotics_trial build --build-base /root/project_root/build/robotics_trial/build install --record /root/project_root/build/robotics_trial/install.log --single-version-externally-managed install_data
[0.783s] running egg_info
[0.784s] writing ../../build/robotics_trial/robotics_trial.egg-info/PKG-INFO
[0.784s] writing dependency_links to ../../build/robotics_trial/robotics_trial.egg-info/dependency_links.txt
[0.784s] writing entry points to ../../build/robotics_trial/robotics_trial.egg-info/entry_points.txt
[0.784s] writing requirements to ../../build/robotics_trial/robotics_trial.egg-info/requires.txt
[0.784s] writing top-level names to ../../build/robotics_trial/robotics_trial.egg-info/top_level.txt
[0.786s] reading manifest file '../../build/robotics_trial/robotics_trial.egg-info/SOURCES.txt'
[0.788s] adding license file 'LICENSE'
[0.788s] writing manifest file '../../build/robotics_trial/robotics_trial.egg-info/SOURCES.txt'
[0.788s] running build
[0.788s] running build_py
[0.788s] copying robotics_trial/start_node_publish.py -> /root/project_root/build/robotics_trial/build/lib/robotics_trial
[0.790s] copying robotics_trial/map_publisher.py -> /root/project_root/build/robotics_trial/build/lib/robotics_trial
[0.791s] running install
[0.791s] running install_lib
[0.792s] copying /root/project_root/build/robotics_trial/build/lib/robotics_trial/start_node_publish.py -> /root/project_root/install/robotics_trial/lib/python3.10/site-packages/robotics_trial
[0.792s] copying /root/project_root/build/robotics_trial/build/lib/robotics_trial/map_publisher.py -> /root/project_root/install/robotics_trial/lib/python3.10/site-packages/robotics_trial
[0.793s] byte-compiling /root/project_root/install/robotics_trial/lib/python3.10/site-packages/robotics_trial/start_node_publish.py to start_node_publish.cpython-310.pyc
[0.795s] byte-compiling /root/project_root/install/robotics_trial/lib/python3.10/site-packages/robotics_trial/map_publisher.py to map_publisher.cpython-310.pyc
[0.796s] running install_data
[0.797s] running install_egg_info
[0.798s] removing '/root/project_root/install/robotics_trial/lib/python3.10/site-packages/robotics_trial-0.0.0-py3.10.egg-info' (and everything under it)
[0.798s] Copying ../../build/robotics_trial/robotics_trial.egg-info to /root/project_root/install/robotics_trial/lib/python3.10/site-packages/robotics_trial-0.0.0-py3.10.egg-info
[0.799s] running install_scripts
[0.812s] Installing goal_node_publisher script to /root/project_root/install/robotics_trial/lib/robotics_trial
[0.812s] Installing map_publisher script to /root/project_root/install/robotics_trial/lib/robotics_trial
[0.812s] Installing path_compute script to /root/project_root/install/robotics_trial/lib/robotics_trial
[0.812s] Installing start_node_publisher script to /root/project_root/install/robotics_trial/lib/robotics_trial
[0.813s] writing list of installed files to '/root/project_root/build/robotics_trial/install.log'
[0.850s] Invoked command in '/root/project_root/src/robotics_trial' returned '0': PYTHONPATH=/root/project_root/build/robotics_trial/prefix_override:/usr/lib/python3/dist-packages/colcon_core/task/python/colcon_distutils_commands:/root/project_root/install/robotics_trial/lib/python3.10/site-packages:${PYTHONPATH} /usr/bin/python3 -W ignore:setup.py install is deprecated setup.py egg_info --egg-base ../../build/robotics_trial build --build-base /root/project_root/build/robotics_trial/build install --record /root/project_root/build/robotics_trial/install.log --single-version-externally-managed install_data
