[0.654s] Invoking command in '/root/project_root/src/py_pubsub': PYTHONPATH=/root/project_root/build/py_pubsub/prefix_override:/usr/lib/python3/dist-packages/colcon_core/task/python/colcon_distutils_commands:/root/project_root/install/py_pubsub/lib/python3.10/site-packages:${PYTHONPATH} /usr/bin/python3 -W ignore:setup.py install is deprecated setup.py egg_info --egg-base ../../build/py_pubsub build --build-base /root/project_root/build/py_pubsub/build install --record /root/project_root/build/py_pubsub/install.log --single-version-externally-managed install_data
[0.780s] running egg_info
[0.780s] writing ../../build/py_pubsub/py_pubsub.egg-info/PKG-INFO
[0.780s] writing dependency_links to ../../build/py_pubsub/py_pubsub.egg-info/dependency_links.txt
[0.780s] writing entry points to ../../build/py_pubsub/py_pubsub.egg-info/entry_points.txt
[0.781s] writing requirements to ../../build/py_pubsub/py_pubsub.egg-info/requires.txt
[0.781s] writing top-level names to ../../build/py_pubsub/py_pubsub.egg-info/top_level.txt
[0.782s] reading manifest file '../../build/py_pubsub/py_pubsub.egg-info/SOURCES.txt'
[0.783s] adding license file 'LICENSE'
[0.784s] writing manifest file '../../build/py_pubsub/py_pubsub.egg-info/SOURCES.txt'
[0.784s] running build
[0.784s] running build_py
[0.784s] running install
[0.784s] running install_lib
[0.787s] running install_data
[0.787s] running install_egg_info
[0.788s] removing '/root/project_root/install/py_pubsub/lib/python3.10/site-packages/py_pubsub-0.0.0-py3.10.egg-info' (and everything under it)
[0.788s] Copying ../../build/py_pubsub/py_pubsub.egg-info to /root/project_root/install/py_pubsub/lib/python3.10/site-packages/py_pubsub-0.0.0-py3.10.egg-info
[0.789s] running install_scripts
[0.802s] Installing listener script to /root/project_root/install/py_pubsub/lib/py_pubsub
[0.802s] Installing talker script to /root/project_root/install/py_pubsub/lib/py_pubsub
[0.803s] writing list of installed files to '/root/project_root/build/py_pubsub/install.log'
[0.842s] Invoked command in '/root/project_root/src/py_pubsub' returned '0': PYTHONPATH=/root/project_root/build/py_pubsub/prefix_override:/usr/lib/python3/dist-packages/colcon_core/task/python/colcon_distutils_commands:/root/project_root/install/py_pubsub/lib/python3.10/site-packages:${PYTHONPATH} /usr/bin/python3 -W ignore:setup.py install is deprecated setup.py egg_info --egg-base ../../build/py_pubsub build --build-base /root/project_root/build/py_pubsub/build install --record /root/project_root/build/py_pubsub/install.log --single-version-externally-managed install_data
