[0.963s] Invoking command in '/root/project_root/src/py_pubsub': PYTHONPATH=/root/project_root/build/py_pubsub/prefix_override:/usr/lib/python3/dist-packages/colcon_core/task/python/colcon_distutils_commands:/root/project_root/install/py_pubsub/lib/python3.10/site-packages: /usr/bin/python3 -W ignore:setup.py install is deprecated setup.py egg_info --egg-base ../../build/py_pubsub build --build-base /root/project_root/build/py_pubsub/build install --record /root/project_root/build/py_pubsub/install.log --single-version-externally-managed install_data
[1.133s] running egg_info
[1.134s] writing ../../build/py_pubsub/py_pubsub.egg-info/PKG-INFO
[1.134s] writing dependency_links to ../../build/py_pubsub/py_pubsub.egg-info/dependency_links.txt
[1.136s] writing entry points to ../../build/py_pubsub/py_pubsub.egg-info/entry_points.txt
[1.136s] writing requirements to ../../build/py_pubsub/py_pubsub.egg-info/requires.txt
[1.136s] writing top-level names to ../../build/py_pubsub/py_pubsub.egg-info/top_level.txt
[1.137s] reading manifest file '../../build/py_pubsub/py_pubsub.egg-info/SOURCES.txt'
[1.138s] adding license file 'LICENSE'
[1.138s] writing manifest file '../../build/py_pubsub/py_pubsub.egg-info/SOURCES.txt'
[1.138s] running build
[1.139s] running build_py
[1.139s] running install
[1.139s] running install_lib
[1.140s] running install_data
[1.140s] running install_egg_info
[1.142s] removing '/root/project_root/install/py_pubsub/lib/python3.10/site-packages/py_pubsub-0.0.0-py3.10.egg-info' (and everything under it)
[1.145s] Copying ../../build/py_pubsub/py_pubsub.egg-info to /root/project_root/install/py_pubsub/lib/python3.10/site-packages/py_pubsub-0.0.0-py3.10.egg-info
[1.146s] running install_scripts
[1.167s] Installing listener script to /root/project_root/install/py_pubsub/lib/py_pubsub
[1.167s] Installing talker script to /root/project_root/install/py_pubsub/lib/py_pubsub
[1.168s] writing list of installed files to '/root/project_root/build/py_pubsub/install.log'
[1.193s] Invoked command in '/root/project_root/src/py_pubsub' returned '0': PYTHONPATH=/root/project_root/build/py_pubsub/prefix_override:/usr/lib/python3/dist-packages/colcon_core/task/python/colcon_distutils_commands:/root/project_root/install/py_pubsub/lib/python3.10/site-packages: /usr/bin/python3 -W ignore:setup.py install is deprecated setup.py egg_info --egg-base ../../build/py_pubsub build --build-base /root/project_root/build/py_pubsub/build install --record /root/project_root/build/py_pubsub/install.log --single-version-externally-managed install_data
