[0.633s] Invoking command in '/root/project_root/src/my_package': PYTHONPATH=/root/project_root/build/my_package/prefix_override:/usr/lib/python3/dist-packages/colcon_core/task/python/colcon_distutils_commands:/root/project_root/install/my_package/lib/python3.10/site-packages:${PYTHONPATH} /usr/bin/python3 -W ignore:setup.py install is deprecated setup.py egg_info --egg-base ../../build/my_package build --build-base /root/project_root/build/my_package/build install --record /root/project_root/build/my_package/install.log --single-version-externally-managed install_data
[0.747s] running egg_info
[0.748s] writing ../../build/my_package/my_package.egg-info/PKG-INFO
[0.748s] writing dependency_links to ../../build/my_package/my_package.egg-info/dependency_links.txt
[0.749s] writing entry points to ../../build/my_package/my_package.egg-info/entry_points.txt
[0.749s] writing requirements to ../../build/my_package/my_package.egg-info/requires.txt
[0.749s] writing top-level names to ../../build/my_package/my_package.egg-info/top_level.txt
[0.755s] reading manifest file '../../build/my_package/my_package.egg-info/SOURCES.txt'
[0.758s] adding license file 'LICENSE'
[0.758s] writing manifest file '../../build/my_package/my_package.egg-info/SOURCES.txt'
[0.758s] running build
[0.759s] running build_py
[0.759s] running install
[0.759s] running install_lib
[0.761s] running install_data
[0.761s] running install_egg_info
[0.763s] removing '/root/project_root/install/my_package/lib/python3.10/site-packages/my_package-0.0.0-py3.10.egg-info' (and everything under it)
[0.763s] Copying ../../build/my_package/my_package.egg-info to /root/project_root/install/my_package/lib/python3.10/site-packages/my_package-0.0.0-py3.10.egg-info
[0.765s] running install_scripts
[0.778s] Installing my_node script to /root/project_root/install/my_package/lib/my_package
[0.778s] writing list of installed files to '/root/project_root/build/my_package/install.log'
[0.814s] Invoked command in '/root/project_root/src/my_package' returned '0': PYTHONPATH=/root/project_root/build/my_package/prefix_override:/usr/lib/python3/dist-packages/colcon_core/task/python/colcon_distutils_commands:/root/project_root/install/my_package/lib/python3.10/site-packages:${PYTHONPATH} /usr/bin/python3 -W ignore:setup.py install is deprecated setup.py egg_info --egg-base ../../build/my_package build --build-base /root/project_root/build/my_package/build install --record /root/project_root/build/my_package/install.log --single-version-externally-managed install_data
