[0.322s] Invoking command in '/root/project_root/src/py_pubsub': PYTHONPATH=/root/project_root/build/py_pubsub/prefix_override:/usr/lib/python3/dist-packages/colcon_core/task/python/colcon_distutils_commands:/root/project_root/install/py_pubsub/lib/python3.10/site-packages:${PYTHONPATH} /usr/bin/python3 -W ignore:setup.py install is deprecated setup.py egg_info --egg-base ../../build/py_pubsub build --build-base /root/project_root/build/py_pubsub/build install --record /root/project_root/build/py_pubsub/install.log --single-version-externally-managed install_data
[0.440s] running egg_info
[0.440s] creating ../../build/py_pubsub/py_pubsub.egg-info
[0.441s] writing ../../build/py_pubsub/py_pubsub.egg-info/PKG-INFO
[0.441s] writing dependency_links to ../../build/py_pubsub/py_pubsub.egg-info/dependency_links.txt
[0.441s] writing entry points to ../../build/py_pubsub/py_pubsub.egg-info/entry_points.txt
[0.441s] writing requirements to ../../build/py_pubsub/py_pubsub.egg-info/requires.txt
[0.441s] writing top-level names to ../../build/py_pubsub/py_pubsub.egg-info/top_level.txt
[0.441s] writing manifest file '../../build/py_pubsub/py_pubsub.egg-info/SOURCES.txt'
[0.442s] reading manifest file '../../build/py_pubsub/py_pubsub.egg-info/SOURCES.txt'
[0.442s] adding license file 'LICENSE'
[0.443s] writing manifest file '../../build/py_pubsub/py_pubsub.egg-info/SOURCES.txt'
[0.443s] running build
[0.443s] running build_py
[0.443s] creating /root/project_root/build/py_pubsub/build
[0.444s] creating /root/project_root/build/py_pubsub/build/lib
[0.444s] creating /root/project_root/build/py_pubsub/build/lib/py_pubsub
[0.444s] copying py_pubsub/subscriber_member_function.py -> /root/project_root/build/py_pubsub/build/lib/py_pubsub
[0.444s] copying py_pubsub/__init__.py -> /root/project_root/build/py_pubsub/build/lib/py_pubsub
[0.444s] copying py_pubsub/publisher_member_function.py -> /root/project_root/build/py_pubsub/build/lib/py_pubsub
[0.444s] running install
[0.445s] running install_lib
[0.445s] creating /root/project_root/install/py_pubsub/lib/python3.10/site-packages/py_pubsub
[0.445s] copying /root/project_root/build/py_pubsub/build/lib/py_pubsub/subscriber_member_function.py -> /root/project_root/install/py_pubsub/lib/python3.10/site-packages/py_pubsub
[0.445s] copying /root/project_root/build/py_pubsub/build/lib/py_pubsub/__init__.py -> /root/project_root/install/py_pubsub/lib/python3.10/site-packages/py_pubsub
[0.445s] copying /root/project_root/build/py_pubsub/build/lib/py_pubsub/publisher_member_function.py -> /root/project_root/install/py_pubsub/lib/python3.10/site-packages/py_pubsub
[0.446s] byte-compiling /root/project_root/install/py_pubsub/lib/python3.10/site-packages/py_pubsub/subscriber_member_function.py to subscriber_member_function.cpython-310.pyc
[0.446s]   File "/root/project_root/install/py_pubsub/lib/python3.10/site-packages/py_pubsub/subscriber_member_function.py", line 29
[0.446s]     10) T#he fourth argument (10) defines the queue size (how many messages can be queued before they're dropped if the subscriber can't keep up)
[0.446s]         ^
[0.446s] SyntaxError: invalid syntax
[0.446s] 
[0.446s] byte-compiling /root/project_root/install/py_pubsub/lib/python3.10/site-packages/py_pubsub/__init__.py to __init__.cpython-310.pyc
[0.446s] byte-compiling /root/project_root/install/py_pubsub/lib/python3.10/site-packages/py_pubsub/publisher_member_function.py to publisher_member_function.cpython-310.pyc
[0.447s] running install_data
[0.447s] creating /root/project_root/install/py_pubsub/share/ament_index
[0.447s] creating /root/project_root/install/py_pubsub/share/ament_index/resource_index
[0.447s] creating /root/project_root/install/py_pubsub/share/ament_index/resource_index/packages
[0.447s] copying resource/py_pubsub -> /root/project_root/install/py_pubsub/share/ament_index/resource_index/packages
[0.447s] copying package.xml -> /root/project_root/install/py_pubsub/share/py_pubsub
[0.447s] running install_egg_info
[0.448s] Copying ../../build/py_pubsub/py_pubsub.egg-info to /root/project_root/install/py_pubsub/lib/python3.10/site-packages/py_pubsub-0.0.0-py3.10.egg-info
[0.449s] running install_scripts
[0.461s] Installing listener script to /root/project_root/install/py_pubsub/lib/py_pubsub
[0.461s] Installing talker script to /root/project_root/install/py_pubsub/lib/py_pubsub
[0.461s] writing list of installed files to '/root/project_root/build/py_pubsub/install.log'
[0.474s] Invoked command in '/root/project_root/src/py_pubsub' returned '0': PYTHONPATH=/root/project_root/build/py_pubsub/prefix_override:/usr/lib/python3/dist-packages/colcon_core/task/python/colcon_distutils_commands:/root/project_root/install/py_pubsub/lib/python3.10/site-packages:${PYTHONPATH} /usr/bin/python3 -W ignore:setup.py install is deprecated setup.py egg_info --egg-base ../../build/py_pubsub build --build-base /root/project_root/build/py_pubsub/build install --record /root/project_root/build/py_pubsub/install.log --single-version-externally-managed install_data
