[1.188s] Invoking command in '/root/project_root/src/robotics_trial': PYTHONPATH=/root/project_root/build/robotics_trial/prefix_override:/usr/lib/python3/dist-packages/colcon_core/task/python/colcon_distutils_commands:/root/project_root/install/robotics_trial/lib/python3.10/site-packages:${PYTHONPATH} /usr/bin/python3 -W ignore:setup.py install is deprecated setup.py egg_info --egg-base ../../build/robotics_trial build --build-base /root/project_root/build/robotics_trial/build install --record /root/project_root/build/robotics_trial/install.log --single-version-externally-managed install_data
[1.400s] running egg_info
[1.400s] writing ../../build/robotics_trial/robotics_trial.egg-info/PKG-INFO
[1.401s] writing dependency_links to ../../build/robotics_trial/robotics_trial.egg-info/dependency_links.txt
[1.402s] writing entry points to ../../build/robotics_trial/robotics_trial.egg-info/entry_points.txt
[1.403s] writing requirements to ../../build/robotics_trial/robotics_trial.egg-info/requires.txt
[1.403s] writing top-level names to ../../build/robotics_trial/robotics_trial.egg-info/top_level.txt
[1.406s] reading manifest file '../../build/robotics_trial/robotics_trial.egg-info/SOURCES.txt'
[1.407s] adding license file 'LICENSE'
[1.408s] writing manifest file '../../build/robotics_trial/robotics_trial.egg-info/SOURCES.txt'
[1.408s] running build
[1.408s] running build_py
[1.408s] copying robotics_trial/start_node_publish.py -> /root/project_root/build/robotics_trial/build/lib/robotics_trial
[1.409s] copying robotics_trial/goal_node_publish.py -> /root/project_root/build/robotics_trial/build/lib/robotics_trial
[1.409s] running install
[1.409s] running install_lib
[1.410s] copying /root/project_root/build/robotics_trial/build/lib/robotics_trial/start_node_publish.py -> /root/project_root/install/robotics_trial/lib/python3.10/site-packages/robotics_trial
[1.411s] copying /root/project_root/build/robotics_trial/build/lib/robotics_trial/goal_node_publish.py -> /root/project_root/install/robotics_trial/lib/python3.10/site-packages/robotics_trial
[1.412s] byte-compiling /root/project_root/install/robotics_trial/lib/python3.10/site-packages/robotics_trial/start_node_publish.py to start_node_publish.cpython-310.pyc
[1.413s] byte-compiling /root/project_root/install/robotics_trial/lib/python3.10/site-packages/robotics_trial/goal_node_publish.py to goal_node_publish.cpython-310.pyc
[1.413s] running install_data
[1.413s] running install_egg_info
[1.415s] removing '/root/project_root/install/robotics_trial/lib/python3.10/site-packages/robotics_trial-0.0.0-py3.10.egg-info' (and everything under it)
[1.417s] Copying ../../build/robotics_trial/robotics_trial.egg-info to /root/project_root/install/robotics_trial/lib/python3.10/site-packages/robotics_trial-0.0.0-py3.10.egg-info
[1.418s] running install_scripts
[1.441s] Installing goal_node_publisher script to /root/project_root/install/robotics_trial/lib/robotics_trial
[1.442s] Installing map_publisher script to /root/project_root/install/robotics_trial/lib/robotics_trial
[1.442s] Installing start_node_publisher script to /root/project_root/install/robotics_trial/lib/robotics_trial
[1.442s] writing list of installed files to '/root/project_root/build/robotics_trial/install.log'
[1.498s] Invoked command in '/root/project_root/src/robotics_trial' returned '0': PYTHONPATH=/root/project_root/build/robotics_trial/prefix_override:/usr/lib/python3/dist-packages/colcon_core/task/python/colcon_distutils_commands:/root/project_root/install/robotics_trial/lib/python3.10/site-packages:${PYTHONPATH} /usr/bin/python3 -W ignore:setup.py install is deprecated setup.py egg_info --egg-base ../../build/robotics_trial build --build-base /root/project_root/build/robotics_trial/build install --record /root/project_root/build/robotics_trial/install.log --single-version-externally-managed install_data
