[0.610s] Invoking command in '/root/project_root/src/my_package': PYTHONPATH=/root/project_root/build/my_package/prefix_override:/usr/lib/python3/dist-packages/colcon_core/task/python/colcon_distutils_commands:/root/project_root/install/my_package/lib/python3.10/site-packages:${PYTHONPATH} /usr/bin/python3 -W ignore:setup.py install is deprecated setup.py egg_info --egg-base ../../build/my_package build --build-base /root/project_root/build/my_package/build install --record /root/project_root/build/my_package/install.log --single-version-externally-managed install_data
[0.733s] running egg_info
[0.733s] writing ../../build/my_package/my_package.egg-info/PKG-INFO
[0.733s] writing dependency_links to ../../build/my_package/my_package.egg-info/dependency_links.txt
[0.733s] writing entry points to ../../build/my_package/my_package.egg-info/entry_points.txt
[0.734s] writing requirements to ../../build/my_package/my_package.egg-info/requires.txt
[0.734s] writing top-level names to ../../build/my_package/my_package.egg-info/top_level.txt
[0.735s] reading manifest file '../../build/my_package/my_package.egg-info/SOURCES.txt'
[0.735s] adding license file 'LICENSE'
[0.735s] writing manifest file '../../build/my_package/my_package.egg-info/SOURCES.txt'
[0.736s] running build
[0.736s] running build_py
[0.736s] running install
[0.736s] running install_lib
[0.737s] running install_data
[0.737s] running install_egg_info
[0.738s] removing '/root/project_root/install/my_package/lib/python3.10/site-packages/my_package-0.0.0-py3.10.egg-info' (and everything under it)
[0.738s] Copying ../../build/my_package/my_package.egg-info to /root/project_root/install/my_package/lib/python3.10/site-packages/my_package-0.0.0-py3.10.egg-info
[0.739s] running install_scripts
[0.752s] Installing my_node script to /root/project_root/install/my_package/lib/my_package
[0.753s] writing list of installed files to '/root/project_root/build/my_package/install.log'
[0.770s] Invoked command in '/root/project_root/src/my_package' returned '0': PYTHONPATH=/root/project_root/build/my_package/prefix_override:/usr/lib/python3/dist-packages/colcon_core/task/python/colcon_distutils_commands:/root/project_root/install/my_package/lib/python3.10/site-packages:${PYTHONPATH} /usr/bin/python3 -W ignore:setup.py install is deprecated setup.py egg_info --egg-base ../../build/my_package build --build-base /root/project_root/build/my_package/build install --record /root/project_root/build/my_package/install.log --single-version-externally-managed install_data
