[1.198s] Invoking command in '/root/project_root/src/py_pubsub': PYTHONPATH=/root/project_root/build/py_pubsub/prefix_override:/usr/lib/python3/dist-packages/colcon_core/task/python/colcon_distutils_commands:/root/project_root/install/py_pubsub/lib/python3.10/site-packages:${PYTHONPATH} /usr/bin/python3 -W ignore:setup.py install is deprecated setup.py egg_info --egg-base ../../build/py_pubsub build --build-base /root/project_root/build/py_pubsub/build install --record /root/project_root/build/py_pubsub/install.log --single-version-externally-managed install_data
[1.400s] running egg_info
[1.401s] writing ../../build/py_pubsub/py_pubsub.egg-info/PKG-INFO
[1.402s] writing dependency_links to ../../build/py_pubsub/py_pubsub.egg-info/dependency_links.txt
[1.403s] writing entry points to ../../build/py_pubsub/py_pubsub.egg-info/entry_points.txt
[1.403s] writing requirements to ../../build/py_pubsub/py_pubsub.egg-info/requires.txt
[1.403s] writing top-level names to ../../build/py_pubsub/py_pubsub.egg-info/top_level.txt
[1.405s] reading manifest file '../../build/py_pubsub/py_pubsub.egg-info/SOURCES.txt'
[1.406s] adding license file 'LICENSE'
[1.406s] writing manifest file '../../build/py_pubsub/py_pubsub.egg-info/SOURCES.txt'
[1.407s] running build
[1.407s] running build_py
[1.410s] running install
[1.410s] running install_lib
[1.413s] running install_data
[1.413s] running install_egg_info
[1.415s] removing '/root/project_root/install/py_pubsub/lib/python3.10/site-packages/py_pubsub-0.0.0-py3.10.egg-info' (and everything under it)
[1.417s] Copying ../../build/py_pubsub/py_pubsub.egg-info to /root/project_root/install/py_pubsub/lib/python3.10/site-packages/py_pubsub-0.0.0-py3.10.egg-info
[1.418s] running install_scripts
[1.439s] Installing listener script to /root/project_root/install/py_pubsub/lib/py_pubsub
[1.440s] Installing talker script to /root/project_root/install/py_pubsub/lib/py_pubsub
[1.440s] writing list of installed files to '/root/project_root/build/py_pubsub/install.log'
[1.466s] Invoked command in '/root/project_root/src/py_pubsub' returned '0': PYTHONPATH=/root/project_root/build/py_pubsub/prefix_override:/usr/lib/python3/dist-packages/colcon_core/task/python/colcon_distutils_commands:/root/project_root/install/py_pubsub/lib/python3.10/site-packages:${PYTHONPATH} /usr/bin/python3 -W ignore:setup.py install is deprecated setup.py egg_info --egg-base ../../build/py_pubsub build --build-base /root/project_root/build/py_pubsub/build install --record /root/project_root/build/py_pubsub/install.log --single-version-externally-managed install_data
