[0.614s] Invoking command in '/root/project_root/src/robotics_trial': PYTHONPATH=/root/project_root/build/robotics_trial/prefix_override:/usr/lib/python3/dist-packages/colcon_core/task/python/colcon_distutils_commands:/root/project_root/install/robotics_trial/lib/python3.10/site-packages:${PYTHONPATH} /usr/bin/python3 -W ignore:setup.py install is deprecated setup.py egg_info --egg-base ../../build/robotics_trial build --build-base /root/project_root/build/robotics_trial/build install --record /root/project_root/build/robotics_trial/install.log --single-version-externally-managed install_data
[0.734s] running egg_info
[0.734s] writing ../../build/robotics_trial/robotics_trial.egg-info/PKG-INFO
[0.735s] writing dependency_links to ../../build/robotics_trial/robotics_trial.egg-info/dependency_links.txt
[0.735s] writing entry points to ../../build/robotics_trial/robotics_trial.egg-info/entry_points.txt
[0.735s] writing requirements to ../../build/robotics_trial/robotics_trial.egg-info/requires.txt
[0.735s] writing top-level names to ../../build/robotics_trial/robotics_trial.egg-info/top_level.txt
[0.742s] reading manifest file '../../build/robotics_trial/robotics_trial.egg-info/SOURCES.txt'
[0.743s] adding license file 'LICENSE'
[0.744s] writing manifest file '../../build/robotics_trial/robotics_trial.egg-info/SOURCES.txt'
[0.744s] running build
[0.744s] running build_py
[0.744s] copying robotics_trial/map_publisher.py -> /root/project_root/build/robotics_trial/build/lib/robotics_trial
[0.744s] running install
[0.744s] running install_lib
[0.745s] copying /root/project_root/build/robotics_trial/build/lib/robotics_trial/map_publisher.py -> /root/project_root/install/robotics_trial/lib/python3.10/site-packages/robotics_trial
[0.746s] byte-compiling /root/project_root/install/robotics_trial/lib/python3.10/site-packages/robotics_trial/map_publisher.py to map_publisher.cpython-310.pyc
[0.747s] running install_data
[0.747s] running install_egg_info
[0.748s] removing '/root/project_root/install/robotics_trial/lib/python3.10/site-packages/robotics_trial-0.0.0-py3.10.egg-info' (and everything under it)
[0.748s] Copying ../../build/robotics_trial/robotics_trial.egg-info to /root/project_root/install/robotics_trial/lib/python3.10/site-packages/robotics_trial-0.0.0-py3.10.egg-info
[0.749s] running install_scripts
[0.762s] Installing map_publisher script to /root/project_root/install/robotics_trial/lib/robotics_trial
[0.763s] writing list of installed files to '/root/project_root/build/robotics_trial/install.log'
[0.779s] Invoked command in '/root/project_root/src/robotics_trial' returned '0': PYTHONPATH=/root/project_root/build/robotics_trial/prefix_override:/usr/lib/python3/dist-packages/colcon_core/task/python/colcon_distutils_commands:/root/project_root/install/robotics_trial/lib/python3.10/site-packages:${PYTHONPATH} /usr/bin/python3 -W ignore:setup.py install is deprecated setup.py egg_info --egg-base ../../build/robotics_trial build --build-base /root/project_root/build/robotics_trial/build install --record /root/project_root/build/robotics_trial/install.log --single-version-externally-managed install_data
