[0.642s] Invoking command in '/root/project_root/src/py_pubsub': PYTHONPATH=/root/project_root/build/py_pubsub/prefix_override:/usr/lib/python3/dist-packages/colcon_core/task/python/colcon_distutils_commands:/root/project_root/install/py_pubsub/lib/python3.10/site-packages:${PYTHONPATH} /usr/bin/python3 -W ignore:setup.py install is deprecated setup.py egg_info --egg-base ../../build/py_pubsub build --build-base /root/project_root/build/py_pubsub/build install --record /root/project_root/build/py_pubsub/install.log --single-version-externally-managed install_data
[0.766s] running egg_info
[0.766s] writing ../../build/py_pubsub/py_pubsub.egg-info/PKG-INFO
[0.766s] writing dependency_links to ../../build/py_pubsub/py_pubsub.egg-info/dependency_links.txt
[0.767s] writing entry points to ../../build/py_pubsub/py_pubsub.egg-info/entry_points.txt
[0.767s] writing requirements to ../../build/py_pubsub/py_pubsub.egg-info/requires.txt
[0.767s] writing top-level names to ../../build/py_pubsub/py_pubsub.egg-info/top_level.txt
[0.769s] reading manifest file '../../build/py_pubsub/py_pubsub.egg-info/SOURCES.txt'
[0.771s] adding license file 'LICENSE'
[0.771s] writing manifest file '../../build/py_pubsub/py_pubsub.egg-info/SOURCES.txt'
[0.771s] running build
[0.772s] running build_py
[0.772s] running install
[0.772s] running install_lib
[0.775s] running install_data
[0.776s] running install_egg_info
[0.778s] removing '/root/project_root/install/py_pubsub/lib/python3.10/site-packages/py_pubsub-0.0.0-py3.10.egg-info' (and everything under it)
[0.779s] Copying ../../build/py_pubsub/py_pubsub.egg-info to /root/project_root/install/py_pubsub/lib/python3.10/site-packages/py_pubsub-0.0.0-py3.10.egg-info
[0.780s] running install_scripts
[0.794s] Installing listener script to /root/project_root/install/py_pubsub/lib/py_pubsub
[0.795s] Installing talker script to /root/project_root/install/py_pubsub/lib/py_pubsub
[0.795s] writing list of installed files to '/root/project_root/build/py_pubsub/install.log'
[0.817s] Invoked command in '/root/project_root/src/py_pubsub' returned '0': PYTHONPATH=/root/project_root/build/py_pubsub/prefix_override:/usr/lib/python3/dist-packages/colcon_core/task/python/colcon_distutils_commands:/root/project_root/install/py_pubsub/lib/python3.10/site-packages:${PYTHONPATH} /usr/bin/python3 -W ignore:setup.py install is deprecated setup.py egg_info --egg-base ../../build/py_pubsub build --build-base /root/project_root/build/py_pubsub/build install --record /root/project_root/build/py_pubsub/install.log --single-version-externally-managed install_data
