[0.606s] Invoking command in '/root/project_root/src/robotics_trial': PYTHONPATH=/root/project_root/build/robotics_trial/prefix_override:/usr/lib/python3/dist-packages/colcon_core/task/python/colcon_distutils_commands:/root/project_root/install/robotics_trial/lib/python3.10/site-packages:${PYTHONPATH} /usr/bin/python3 -W ignore:setup.py install is deprecated setup.py egg_info --egg-base ../../build/robotics_trial build --build-base /root/project_root/build/robotics_trial/build install --record /root/project_root/build/robotics_trial/install.log --single-version-externally-managed install_data
[0.730s] running egg_info
[0.731s] writing ../../build/robotics_trial/robotics_trial.egg-info/PKG-INFO
[0.731s] writing dependency_links to ../../build/robotics_trial/robotics_trial.egg-info/dependency_links.txt
[0.731s] writing entry points to ../../build/robotics_trial/robotics_trial.egg-info/entry_points.txt
[0.731s] writing requirements to ../../build/robotics_trial/robotics_trial.egg-info/requires.txt
[0.731s] writing top-level names to ../../build/robotics_trial/robotics_trial.egg-info/top_level.txt
[0.733s] reading manifest file '../../build/robotics_trial/robotics_trial.egg-info/SOURCES.txt'
[0.733s] adding license file 'LICENSE'
[0.733s] writing manifest file '../../build/robotics_trial/robotics_trial.egg-info/SOURCES.txt'
[0.733s] running build
[0.733s] running build_py
[0.733s] running install
[0.734s] running install_lib
[0.735s] running install_data
[0.735s] running install_egg_info
[0.736s] removing '/root/project_root/install/robotics_trial/lib/python3.10/site-packages/robotics_trial-0.0.0-py3.10.egg-info' (and everything under it)
[0.736s] Copying ../../build/robotics_trial/robotics_trial.egg-info to /root/project_root/install/robotics_trial/lib/python3.10/site-packages/robotics_trial-0.0.0-py3.10.egg-info
[0.738s] running install_scripts
[0.751s] Installing goal_node_publisher script to /root/project_root/install/robotics_trial/lib/robotics_trial
[0.751s] Installing map_publisher script to /root/project_root/install/robotics_trial/lib/robotics_trial
[0.751s] Installing path_compute script to /root/project_root/install/robotics_trial/lib/robotics_trial
[0.751s] Installing start_node_publisher script to /root/project_root/install/robotics_trial/lib/robotics_trial
[0.752s] writing list of installed files to '/root/project_root/build/robotics_trial/install.log'
[0.776s] Invoked command in '/root/project_root/src/robotics_trial' returned '0': PYTHONPATH=/root/project_root/build/robotics_trial/prefix_override:/usr/lib/python3/dist-packages/colcon_core/task/python/colcon_distutils_commands:/root/project_root/install/robotics_trial/lib/python3.10/site-packages:${PYTHONPATH} /usr/bin/python3 -W ignore:setup.py install is deprecated setup.py egg_info --egg-base ../../build/robotics_trial build --build-base /root/project_root/build/robotics_trial/build install --record /root/project_root/build/robotics_trial/install.log --single-version-externally-managed install_data
