[1.171s] Invoking command in '/root/project_root/src/my_package': PYTHONPATH=/root/project_root/build/my_package/prefix_override:/usr/lib/python3/dist-packages/colcon_core/task/python/colcon_distutils_commands:/root/project_root/install/my_package/lib/python3.10/site-packages:${PYTHONPATH} /usr/bin/python3 -W ignore:setup.py install is deprecated setup.py egg_info --egg-base ../../build/my_package build --build-base /root/project_root/build/my_package/build install --record /root/project_root/build/my_package/install.log --single-version-externally-managed install_data
[1.368s] running egg_info
[1.370s] writing ../../build/my_package/my_package.egg-info/PKG-INFO
[1.370s] writing dependency_links to ../../build/my_package/my_package.egg-info/dependency_links.txt
[1.370s] writing entry points to ../../build/my_package/my_package.egg-info/entry_points.txt
[1.370s] writing requirements to ../../build/my_package/my_package.egg-info/requires.txt
[1.370s] writing top-level names to ../../build/my_package/my_package.egg-info/top_level.txt
[1.372s] reading manifest file '../../build/my_package/my_package.egg-info/SOURCES.txt'
[1.374s] adding license file 'LICENSE'
[1.375s] writing manifest file '../../build/my_package/my_package.egg-info/SOURCES.txt'
[1.375s] running build
[1.375s] running build_py
[1.375s] running install
[1.376s] running install_lib
[1.378s] running install_data
[1.379s] running install_egg_info
[1.379s] removing '/root/project_root/install/my_package/lib/python3.10/site-packages/my_package-0.0.0-py3.10.egg-info' (and everything under it)
[1.380s] Copying ../../build/my_package/my_package.egg-info to /root/project_root/install/my_package/lib/python3.10/site-packages/my_package-0.0.0-py3.10.egg-info
[1.382s] running install_scripts
[1.404s] Installing my_node script to /root/project_root/install/my_package/lib/my_package
[1.404s] writing list of installed files to '/root/project_root/build/my_package/install.log'
[1.452s] Invoked command in '/root/project_root/src/my_package' returned '0': PYTHONPATH=/root/project_root/build/my_package/prefix_override:/usr/lib/python3/dist-packages/colcon_core/task/python/colcon_distutils_commands:/root/project_root/install/my_package/lib/python3.10/site-packages:${PYTHONPATH} /usr/bin/python3 -W ignore:setup.py install is deprecated setup.py egg_info --egg-base ../../build/my_package build --build-base /root/project_root/build/my_package/build install --record /root/project_root/build/my_package/install.log --single-version-externally-managed install_data
