[1.140s] Invoking command in '/root/project_root/src/py_pubsub': PYTHONPATH=/root/project_root/build/py_pubsub/prefix_override:/usr/lib/python3/dist-packages/colcon_core/task/python/colcon_distutils_commands:/root/project_root/install/py_pubsub/lib/python3.10/site-packages:${PYTHONPATH} /usr/bin/python3 -W ignore:setup.py install is deprecated setup.py egg_info --egg-base ../../build/py_pubsub build --build-base /root/project_root/build/py_pubsub/build install --record /root/project_root/build/py_pubsub/install.log --single-version-externally-managed install_data
[1.341s] running egg_info
[1.342s] writing ../../build/py_pubsub/py_pubsub.egg-info/PKG-INFO
[1.342s] writing dependency_links to ../../build/py_pubsub/py_pubsub.egg-info/dependency_links.txt
[1.343s] writing entry points to ../../build/py_pubsub/py_pubsub.egg-info/entry_points.txt
[1.343s] writing requirements to ../../build/py_pubsub/py_pubsub.egg-info/requires.txt
[1.343s] writing top-level names to ../../build/py_pubsub/py_pubsub.egg-info/top_level.txt
[1.346s] reading manifest file '../../build/py_pubsub/py_pubsub.egg-info/SOURCES.txt'
[1.347s] adding license file 'LICENSE'
[1.348s] writing manifest file '../../build/py_pubsub/py_pubsub.egg-info/SOURCES.txt'
[1.348s] running build
[1.348s] running build_py
[1.349s] running install
[1.350s] running install_lib
[1.352s] running install_data
[1.352s] running install_egg_info
[1.354s] removing '/root/project_root/install/py_pubsub/lib/python3.10/site-packages/py_pubsub-0.0.0-py3.10.egg-info' (and everything under it)
[1.354s] Copying ../../build/py_pubsub/py_pubsub.egg-info to /root/project_root/install/py_pubsub/lib/python3.10/site-packages/py_pubsub-0.0.0-py3.10.egg-info
[1.355s] running install_scripts
[1.376s] Installing listener script to /root/project_root/install/py_pubsub/lib/py_pubsub
[1.377s] Installing talker script to /root/project_root/install/py_pubsub/lib/py_pubsub
[1.377s] writing list of installed files to '/root/project_root/build/py_pubsub/install.log'
[1.428s] Invoked command in '/root/project_root/src/py_pubsub' returned '0': PYTHONPATH=/root/project_root/build/py_pubsub/prefix_override:/usr/lib/python3/dist-packages/colcon_core/task/python/colcon_distutils_commands:/root/project_root/install/py_pubsub/lib/python3.10/site-packages:${PYTHONPATH} /usr/bin/python3 -W ignore:setup.py install is deprecated setup.py egg_info --egg-base ../../build/py_pubsub build --build-base /root/project_root/build/py_pubsub/build install --record /root/project_root/build/py_pubsub/install.log --single-version-externally-managed install_data
