[0.990s] Invoking command in '/root/project_root/src/my_package': PYTHONPATH=/root/project_root/build/my_package/prefix_override:/usr/lib/python3/dist-packages/colcon_core/task/python/colcon_distutils_commands:/root/project_root/install/my_package/lib/python3.10/site-packages: /usr/bin/python3 -W ignore:setup.py install is deprecated setup.py egg_info --egg-base ../../build/my_package build --build-base /root/project_root/build/my_package/build install --record /root/project_root/build/my_package/install.log --single-version-externally-managed install_data
[1.157s] running egg_info
[1.158s] writing ../../build/my_package/my_package.egg-info/PKG-INFO
[1.158s] writing dependency_links to ../../build/my_package/my_package.egg-info/dependency_links.txt
[1.159s] writing entry points to ../../build/my_package/my_package.egg-info/entry_points.txt
[1.159s] writing requirements to ../../build/my_package/my_package.egg-info/requires.txt
[1.159s] writing top-level names to ../../build/my_package/my_package.egg-info/top_level.txt
[1.160s] reading manifest file '../../build/my_package/my_package.egg-info/SOURCES.txt'
[1.160s] adding license file 'LICENSE'
[1.161s] writing manifest file '../../build/my_package/my_package.egg-info/SOURCES.txt'
[1.161s] running build
[1.161s] running build_py
[1.161s] running install
[1.163s] running install_lib
[1.163s] running install_data
[1.163s] running install_egg_info
[1.164s] removing '/root/project_root/install/my_package/lib/python3.10/site-packages/my_package-0.0.0-py3.10.egg-info' (and everything under it)
[1.165s] Copying ../../build/my_package/my_package.egg-info to /root/project_root/install/my_package/lib/python3.10/site-packages/my_package-0.0.0-py3.10.egg-info
[1.167s] running install_scripts
[1.187s] Installing my_node script to /root/project_root/install/my_package/lib/my_package
[1.188s] writing list of installed files to '/root/project_root/build/my_package/install.log'
[1.233s] Invoked command in '/root/project_root/src/my_package' returned '0': PYTHONPATH=/root/project_root/build/my_package/prefix_override:/usr/lib/python3/dist-packages/colcon_core/task/python/colcon_distutils_commands:/root/project_root/install/my_package/lib/python3.10/site-packages: /usr/bin/python3 -W ignore:setup.py install is deprecated setup.py egg_info --egg-base ../../build/my_package build --build-base /root/project_root/build/my_package/build install --record /root/project_root/build/my_package/install.log --single-version-externally-managed install_data
