[1.164s] Invoking command in '/root/project_root/src/robotics_trial': PYTHONPATH=/root/project_root/build/robotics_trial/prefix_override:/usr/lib/python3/dist-packages/colcon_core/task/python/colcon_distutils_commands:/root/project_root/install/robotics_trial/lib/python3.10/site-packages:${PYTHONPATH} /usr/bin/python3 -W ignore:setup.py install is deprecated setup.py egg_info --egg-base ../../build/robotics_trial build --build-base /root/project_root/build/robotics_trial/build install --record /root/project_root/build/robotics_trial/install.log --single-version-externally-managed install_data
[1.372s] running egg_info
[1.374s] writing ../../build/robotics_trial/robotics_trial.egg-info/PKG-INFO
[1.374s] writing dependency_links to ../../build/robotics_trial/robotics_trial.egg-info/dependency_links.txt
[1.374s] writing entry points to ../../build/robotics_trial/robotics_trial.egg-info/entry_points.txt
[1.374s] writing requirements to ../../build/robotics_trial/robotics_trial.egg-info/requires.txt
[1.374s] writing top-level names to ../../build/robotics_trial/robotics_trial.egg-info/top_level.txt
[1.376s] reading manifest file '../../build/robotics_trial/robotics_trial.egg-info/SOURCES.txt'
[1.378s] adding license file 'LICENSE'
[1.381s] writing manifest file '../../build/robotics_trial/robotics_trial.egg-info/SOURCES.txt'
[1.381s] running build
[1.381s] running build_py
[1.382s] copying robotics_trial/final_path.py -> /root/project_root/build/robotics_trial/build/lib/robotics_trial
[1.382s] copying robotics_trial/start_node_publish.py -> /root/project_root/build/robotics_trial/build/lib/robotics_trial
[1.383s] copying robotics_trial/goal_node_publish.py -> /root/project_root/build/robotics_trial/build/lib/robotics_trial
[1.383s] running install
[1.383s] running install_lib
[1.384s] copying /root/project_root/build/robotics_trial/build/lib/robotics_trial/final_path.py -> /root/project_root/install/robotics_trial/lib/python3.10/site-packages/robotics_trial
[1.384s] copying /root/project_root/build/robotics_trial/build/lib/robotics_trial/start_node_publish.py -> /root/project_root/install/robotics_trial/lib/python3.10/site-packages/robotics_trial
[1.384s] copying /root/project_root/build/robotics_trial/build/lib/robotics_trial/goal_node_publish.py -> /root/project_root/install/robotics_trial/lib/python3.10/site-packages/robotics_trial
[1.386s] byte-compiling /root/project_root/install/robotics_trial/lib/python3.10/site-packages/robotics_trial/final_path.py to final_path.cpython-310.pyc
[1.386s] byte-compiling /root/project_root/install/robotics_trial/lib/python3.10/site-packages/robotics_trial/start_node_publish.py to start_node_publish.cpython-310.pyc
[1.386s] byte-compiling /root/project_root/install/robotics_trial/lib/python3.10/site-packages/robotics_trial/goal_node_publish.py to goal_node_publish.cpython-310.pyc
[1.391s] running install_data
[1.391s] running install_egg_info
[1.391s] removing '/root/project_root/install/robotics_trial/lib/python3.10/site-packages/robotics_trial-0.0.0-py3.10.egg-info' (and everything under it)
[1.391s] Copying ../../build/robotics_trial/robotics_trial.egg-info to /root/project_root/install/robotics_trial/lib/python3.10/site-packages/robotics_trial-0.0.0-py3.10.egg-info
[1.393s] running install_scripts
[1.415s] Installing map_publisher script to /root/project_root/install/robotics_trial/lib/robotics_trial
[1.415s] Installing start_node_publisher script to /root/project_root/install/robotics_trial/lib/robotics_trial
[1.417s] writing list of installed files to '/root/project_root/build/robotics_trial/install.log'
[1.466s] Invoked command in '/root/project_root/src/robotics_trial' returned '0': PYTHONPATH=/root/project_root/build/robotics_trial/prefix_override:/usr/lib/python3/dist-packages/colcon_core/task/python/colcon_distutils_commands:/root/project_root/install/robotics_trial/lib/python3.10/site-packages:${PYTHONPATH} /usr/bin/python3 -W ignore:setup.py install is deprecated setup.py egg_info --egg-base ../../build/robotics_trial build --build-base /root/project_root/build/robotics_trial/build install --record /root/project_root/build/robotics_trial/install.log --single-version-externally-managed install_data
