[0.802s] DEBUG:colcon:Command line arguments: ['/usr/bin/colcon', 'build']
[0.802s] DEBUG:colcon:Parsed command line arguments: Namespace(log_base=None, log_level=None, verb_name='build', build_base='build', install_base='install', merge_install=False, symlink_install=False, test_result_base=None, continue_on_error=False, executor='parallel', parallel_workers=16, event_handlers=None, ignore_user_meta=False, metas=['./colcon.meta'], base_paths=['.'], packages_ignore=None, packages_ignore_regex=None, paths=None, packages_up_to=None, packages_up_to_regex=None, packages_above=None, packages_above_and_dependencies=None, packages_above_depth=None, packages_select_by_dep=None, packages_skip_by_dep=None, packages_skip_up_to=None, packages_select_build_failed=False, packages_skip_build_finished=False, packages_select_test_failures=False, packages_skip_test_passed=False, packages_select=None, packages_skip=None, packages_select_regex=None, packages_skip_regex=None, packages_start=None, packages_end=None, allow_overriding=[], cmake_args=None, cmake_target=None, cmake_target_skip_unavailable=False, cmake_clean_cache=False, cmake_clean_first=False, cmake_force_configure=False, ament_cmake_args=None, catkin_cmake_args=None, catkin_skip_building_tests=False, mixin_files=None, mixin=None, verb_parser=<colcon_mixin.mixin.mixin_argument.MixinArgumentDecorator object at 0x7f65bf4c4e50>, verb_extension=<colcon_core.verb.build.BuildVerb object at 0x7f65bf5e1630>, main=<bound method BuildVerb.main of <colcon_core.verb.build.BuildVerb object at 0x7f65bf5e1630>>, mixin_verb=('build',))
[1.296s] Level 1:colcon.colcon_core.package_discovery:discover_packages(colcon_meta) check parameters
[1.296s] Level 1:colcon.colcon_core.package_discovery:discover_packages(recursive) check parameters
[1.296s] Level 1:colcon.colcon_core.package_discovery:discover_packages(ignore) check parameters
[1.297s] Level 1:colcon.colcon_core.package_discovery:discover_packages(path) check parameters
[1.297s] Level 1:colcon.colcon_core.package_discovery:discover_packages(colcon_meta) discover
[1.297s] Level 1:colcon.colcon_core.package_discovery:discover_packages(recursive) discover
[1.297s] INFO:colcon.colcon_core.package_discovery:Crawling recursively for packages in '/root/project_root'
[1.297s] Level 1:colcon.colcon_core.package_identification:_identify(.) by extensions ['ignore', 'ignore_ament_install']
[1.297s] Level 1:colcon.colcon_core.package_identification:_identify(.) by extension 'ignore'
[1.297s] Level 1:colcon.colcon_core.package_identification:_identify(.) by extension 'ignore_ament_install'
[1.297s] Level 1:colcon.colcon_core.package_identification:_identify(.) by extensions ['colcon_pkg']
[1.297s] Level 1:colcon.colcon_core.package_identification:_identify(.) by extension 'colcon_pkg'
[1.297s] Level 1:colcon.colcon_core.package_identification:_identify(.) by extensions ['colcon_meta']
[1.297s] Level 1:colcon.colcon_core.package_identification:_identify(.) by extension 'colcon_meta'
[1.297s] Level 1:colcon.colcon_core.package_identification:_identify(.) by extensions ['ros']
[1.297s] Level 1:colcon.colcon_core.package_identification:_identify(.) by extension 'ros'
[1.320s] Level 1:colcon.colcon_core.package_identification:_identify(.) by extensions ['cmake', 'python']
[1.320s] Level 1:colcon.colcon_core.package_identification:_identify(.) by extension 'cmake'
[1.320s] Level 1:colcon.colcon_core.package_identification:_identify(.) by extension 'python'
[1.320s] Level 1:colcon.colcon_core.package_identification:_identify(.) by extensions ['python_setup_py']
[1.320s] Level 1:colcon.colcon_core.package_identification:_identify(.) by extension 'python_setup_py'
[1.321s] Level 1:colcon.colcon_core.package_identification:_identify(build) by extensions ['ignore', 'ignore_ament_install']
[1.321s] Level 1:colcon.colcon_core.package_identification:_identify(build) by extension 'ignore'
[1.321s] Level 1:colcon.colcon_core.package_identification:_identify(build) ignored
[1.321s] Level 1:colcon.colcon_core.package_identification:_identify(install) by extensions ['ignore', 'ignore_ament_install']
[1.322s] Level 1:colcon.colcon_core.package_identification:_identify(install) by extension 'ignore'
[1.322s] Level 1:colcon.colcon_core.package_identification:_identify(install) ignored
[1.322s] Level 1:colcon.colcon_core.package_identification:_identify(log) by extensions ['ignore', 'ignore_ament_install']
[1.322s] Level 1:colcon.colcon_core.package_identification:_identify(log) by extension 'ignore'
[1.322s] Level 1:colcon.colcon_core.package_identification:_identify(log) ignored
[1.322s] Level 1:colcon.colcon_core.package_identification:_identify(src) by extensions ['ignore', 'ignore_ament_install']
[1.322s] Level 1:colcon.colcon_core.package_identification:_identify(src) by extension 'ignore'
[1.322s] Level 1:colcon.colcon_core.package_identification:_identify(src) by extension 'ignore_ament_install'
[1.323s] Level 1:colcon.colcon_core.package_identification:_identify(src) by extensions ['colcon_pkg']
[1.323s] Level 1:colcon.colcon_core.package_identification:_identify(src) by extension 'colcon_pkg'
[1.323s] Level 1:colcon.colcon_core.package_identification:_identify(src) by extensions ['colcon_meta']
[1.323s] Level 1:colcon.colcon_core.package_identification:_identify(src) by extension 'colcon_meta'
[1.323s] Level 1:colcon.colcon_core.package_identification:_identify(src) by extensions ['ros']
[1.323s] Level 1:colcon.colcon_core.package_identification:_identify(src) by extension 'ros'
[1.323s] Level 1:colcon.colcon_core.package_identification:_identify(src) by extensions ['cmake', 'python']
[1.323s] Level 1:colcon.colcon_core.package_identification:_identify(src) by extension 'cmake'
[1.323s] Level 1:colcon.colcon_core.package_identification:_identify(src) by extension 'python'
[1.323s] Level 1:colcon.colcon_core.package_identification:_identify(src) by extensions ['python_setup_py']
[1.324s] Level 1:colcon.colcon_core.package_identification:_identify(src) by extension 'python_setup_py'
[1.324s] Level 1:colcon.colcon_core.package_identification:_identify(src/my_package) by extensions ['ignore', 'ignore_ament_install']
[1.324s] Level 1:colcon.colcon_core.package_identification:_identify(src/my_package) by extension 'ignore'
[1.324s] Level 1:colcon.colcon_core.package_identification:_identify(src/my_package) by extension 'ignore_ament_install'
[1.324s] Level 1:colcon.colcon_core.package_identification:_identify(src/my_package) by extensions ['colcon_pkg']
[1.324s] Level 1:colcon.colcon_core.package_identification:_identify(src/my_package) by extension 'colcon_pkg'
[1.324s] Level 1:colcon.colcon_core.package_identification:_identify(src/my_package) by extensions ['colcon_meta']
[1.324s] Level 1:colcon.colcon_core.package_identification:_identify(src/my_package) by extension 'colcon_meta'
[1.324s] Level 1:colcon.colcon_core.package_identification:_identify(src/my_package) by extensions ['ros']
[1.324s] Level 1:colcon.colcon_core.package_identification:_identify(src/my_package) by extension 'ros'
[1.329s] DEBUG:colcon.colcon_core.package_identification:Package 'src/my_package' with type 'ros.ament_python' and name 'my_package'
[1.329s] Level 1:colcon.colcon_core.package_identification:_identify(src/py_pubsub) by extensions ['ignore', 'ignore_ament_install']
[1.329s] Level 1:colcon.colcon_core.package_identification:_identify(src/py_pubsub) by extension 'ignore'
[1.329s] Level 1:colcon.colcon_core.package_identification:_identify(src/py_pubsub) by extension 'ignore_ament_install'
[1.330s] Level 1:colcon.colcon_core.package_identification:_identify(src/py_pubsub) by extensions ['colcon_pkg']
[1.330s] Level 1:colcon.colcon_core.package_identification:_identify(src/py_pubsub) by extension 'colcon_pkg'
[1.330s] Level 1:colcon.colcon_core.package_identification:_identify(src/py_pubsub) by extensions ['colcon_meta']
[1.330s] Level 1:colcon.colcon_core.package_identification:_identify(src/py_pubsub) by extension 'colcon_meta'
[1.330s] Level 1:colcon.colcon_core.package_identification:_identify(src/py_pubsub) by extensions ['ros']
[1.330s] Level 1:colcon.colcon_core.package_identification:_identify(src/py_pubsub) by extension 'ros'
[1.331s] DEBUG:colcon.colcon_core.package_identification:Package 'src/py_pubsub' with type 'ros.ament_python' and name 'py_pubsub'
[1.332s] Level 1:colcon.colcon_core.package_identification:_identify(src/robotics_trial) by extensions ['ignore', 'ignore_ament_install']
[1.332s] Level 1:colcon.colcon_core.package_identification:_identify(src/robotics_trial) by extension 'ignore'
[1.332s] Level 1:colcon.colcon_core.package_identification:_identify(src/robotics_trial) by extension 'ignore_ament_install'
[1.332s] Level 1:colcon.colcon_core.package_identification:_identify(src/robotics_trial) by extensions ['colcon_pkg']
[1.332s] Level 1:colcon.colcon_core.package_identification:_identify(src/robotics_trial) by extension 'colcon_pkg'
[1.332s] Level 1:colcon.colcon_core.package_identification:_identify(src/robotics_trial) by extensions ['colcon_meta']
[1.332s] Level 1:colcon.colcon_core.package_identification:_identify(src/robotics_trial) by extension 'colcon_meta'
[1.332s] Level 1:colcon.colcon_core.package_identification:_identify(src/robotics_trial) by extensions ['ros']
[1.332s] Level 1:colcon.colcon_core.package_identification:_identify(src/robotics_trial) by extension 'ros'
[1.333s] DEBUG:colcon.colcon_core.package_identification:Package 'src/robotics_trial' with type 'ros.ament_python' and name 'robotics_trial'
[1.333s] Level 1:colcon.colcon_core.package_discovery:discover_packages(recursive) using defaults
[1.333s] Level 1:colcon.colcon_core.package_discovery:discover_packages(ignore) discover
[1.333s] Level 1:colcon.colcon_core.package_discovery:discover_packages(ignore) using defaults
[1.333s] Level 1:colcon.colcon_core.package_discovery:discover_packages(path) discover
[1.333s] Level 1:colcon.colcon_core.package_discovery:discover_packages(path) using defaults
[1.373s] Level 1:colcon.colcon_core.package_discovery:discover_packages(prefix_path) check parameters
[1.373s] Level 1:colcon.colcon_core.package_discovery:discover_packages(prefix_path) discover
[1.379s] DEBUG:colcon.colcon_installed_package_information.package_discovery:Found 3 installed packages in /root/project_root/install
[1.380s] DEBUG:colcon.colcon_installed_package_information.package_discovery:Found 270 installed packages in /opt/ros/humble
[1.382s] Level 1:colcon.colcon_core.package_discovery:discover_packages(prefix_path) using defaults
[1.439s] Level 5:colcon.colcon_core.verb:set package 'my_package' build argument 'cmake_args' from command line to 'None'
[1.440s] Level 5:colcon.colcon_core.verb:set package 'my_package' build argument 'cmake_target' from command line to 'None'
[1.440s] Level 5:colcon.colcon_core.verb:set package 'my_package' build argument 'cmake_target_skip_unavailable' from command line to 'False'
[1.440s] Level 5:colcon.colcon_core.verb:set package 'my_package' build argument 'cmake_clean_cache' from command line to 'False'
[1.440s] Level 5:colcon.colcon_core.verb:set package 'my_package' build argument 'cmake_clean_first' from command line to 'False'
[1.440s] Level 5:colcon.colcon_core.verb:set package 'my_package' build argument 'cmake_force_configure' from command line to 'False'
[1.440s] Level 5:colcon.colcon_core.verb:set package 'my_package' build argument 'ament_cmake_args' from command line to 'None'
[1.440s] Level 5:colcon.colcon_core.verb:set package 'my_package' build argument 'catkin_cmake_args' from command line to 'None'
[1.440s] Level 5:colcon.colcon_core.verb:set package 'my_package' build argument 'catkin_skip_building_tests' from command line to 'False'
[1.440s] DEBUG:colcon.colcon_core.verb:Building package 'my_package' with the following arguments: {'ament_cmake_args': None, 'build_base': '/root/project_root/build/my_package', 'catkin_cmake_args': None, 'catkin_skip_building_tests': False, 'cmake_args': None, 'cmake_clean_cache': False, 'cmake_clean_first': False, 'cmake_force_configure': False, 'cmake_target': None, 'cmake_target_skip_unavailable': False, 'install_base': '/root/project_root/install/my_package', 'merge_install': False, 'path': '/root/project_root/src/my_package', 'symlink_install': False, 'test_result_base': None}
[1.441s] Level 5:colcon.colcon_core.verb:set package 'py_pubsub' build argument 'cmake_args' from command line to 'None'
[1.441s] Level 5:colcon.colcon_core.verb:set package 'py_pubsub' build argument 'cmake_target' from command line to 'None'
[1.441s] Level 5:colcon.colcon_core.verb:set package 'py_pubsub' build argument 'cmake_target_skip_unavailable' from command line to 'False'
[1.441s] Level 5:colcon.colcon_core.verb:set package 'py_pubsub' build argument 'cmake_clean_cache' from command line to 'False'
[1.441s] Level 5:colcon.colcon_core.verb:set package 'py_pubsub' build argument 'cmake_clean_first' from command line to 'False'
[1.441s] Level 5:colcon.colcon_core.verb:set package 'py_pubsub' build argument 'cmake_force_configure' from command line to 'False'
[1.441s] Level 5:colcon.colcon_core.verb:set package 'py_pubsub' build argument 'ament_cmake_args' from command line to 'None'
[1.442s] Level 5:colcon.colcon_core.verb:set package 'py_pubsub' build argument 'catkin_cmake_args' from command line to 'None'
[1.442s] Level 5:colcon.colcon_core.verb:set package 'py_pubsub' build argument 'catkin_skip_building_tests' from command line to 'False'
[1.442s] DEBUG:colcon.colcon_core.verb:Building package 'py_pubsub' with the following arguments: {'ament_cmake_args': None, 'build_base': '/root/project_root/build/py_pubsub', 'catkin_cmake_args': None, 'catkin_skip_building_tests': False, 'cmake_args': None, 'cmake_clean_cache': False, 'cmake_clean_first': False, 'cmake_force_configure': False, 'cmake_target': None, 'cmake_target_skip_unavailable': False, 'install_base': '/root/project_root/install/py_pubsub', 'merge_install': False, 'path': '/root/project_root/src/py_pubsub', 'symlink_install': False, 'test_result_base': None}
[1.442s] Level 5:colcon.colcon_core.verb:set package 'robotics_trial' build argument 'cmake_args' from command line to 'None'
[1.442s] Level 5:colcon.colcon_core.verb:set package 'robotics_trial' build argument 'cmake_target' from command line to 'None'
[1.442s] Level 5:colcon.colcon_core.verb:set package 'robotics_trial' build argument 'cmake_target_skip_unavailable' from command line to 'False'
[1.442s] Level 5:colcon.colcon_core.verb:set package 'robotics_trial' build argument 'cmake_clean_cache' from command line to 'False'
[1.442s] Level 5:colcon.colcon_core.verb:set package 'robotics_trial' build argument 'cmake_clean_first' from command line to 'False'
[1.442s] Level 5:colcon.colcon_core.verb:set package 'robotics_trial' build argument 'cmake_force_configure' from command line to 'False'
[1.442s] Level 5:colcon.colcon_core.verb:set package 'robotics_trial' build argument 'ament_cmake_args' from command line to 'None'
[1.442s] Level 5:colcon.colcon_core.verb:set package 'robotics_trial' build argument 'catkin_cmake_args' from command line to 'None'
[1.442s] Level 5:colcon.colcon_core.verb:set package 'robotics_trial' build argument 'catkin_skip_building_tests' from command line to 'False'
[1.442s] DEBUG:colcon.colcon_core.verb:Building package 'robotics_trial' with the following arguments: {'ament_cmake_args': None, 'build_base': '/root/project_root/build/robotics_trial', 'catkin_cmake_args': None, 'catkin_skip_building_tests': False, 'cmake_args': None, 'cmake_clean_cache': False, 'cmake_clean_first': False, 'cmake_force_configure': False, 'cmake_target': None, 'cmake_target_skip_unavailable': False, 'install_base': '/root/project_root/install/robotics_trial', 'merge_install': False, 'path': '/root/project_root/src/robotics_trial', 'symlink_install': False, 'test_result_base': None}
[1.442s] INFO:colcon.colcon_core.executor:Executing jobs using 'parallel' executor
[1.444s] DEBUG:colcon.colcon_parallel_executor.executor.parallel:run_until_complete
[1.445s] INFO:colcon.colcon_ros.task.ament_python.build:Building ROS package in '/root/project_root/src/my_package' with build type 'ament_python'
[1.445s] Level 1:colcon.colcon_core.shell:create_environment_hook('my_package', 'ament_prefix_path')
[1.456s] INFO:colcon.colcon_core.plugin_system:Skipping extension 'colcon_core.shell.bat': Not used on non-Windows systems
[1.456s] INFO:colcon.colcon_core.shell:Creating environment hook '/root/project_root/install/my_package/share/my_package/hook/ament_prefix_path.ps1'
[1.457s] INFO:colcon.colcon_core.shell:Creating environment descriptor '/root/project_root/install/my_package/share/my_package/hook/ament_prefix_path.dsv'
[1.459s] INFO:colcon.colcon_core.shell:Creating environment hook '/root/project_root/install/my_package/share/my_package/hook/ament_prefix_path.sh'
[1.460s] INFO:colcon.colcon_core.shell:Skip shell extension 'powershell' for command environment: Not usable outside of PowerShell
[1.460s] DEBUG:colcon.colcon_core.shell:Skip shell extension 'dsv' for command environment
[1.465s] INFO:colcon.colcon_ros.task.ament_python.build:Building ROS package in '/root/project_root/src/py_pubsub' with build type 'ament_python'
[1.465s] Level 1:colcon.colcon_core.shell:create_environment_hook('py_pubsub', 'ament_prefix_path')
[1.465s] INFO:colcon.colcon_core.shell:Creating environment hook '/root/project_root/install/py_pubsub/share/py_pubsub/hook/ament_prefix_path.ps1'
[1.466s] INFO:colcon.colcon_core.shell:Creating environment descriptor '/root/project_root/install/py_pubsub/share/py_pubsub/hook/ament_prefix_path.dsv'
[1.466s] INFO:colcon.colcon_core.shell:Creating environment hook '/root/project_root/install/py_pubsub/share/py_pubsub/hook/ament_prefix_path.sh'
[1.467s] INFO:colcon.colcon_core.shell:Skip shell extension 'powershell' for command environment: Not usable outside of PowerShell
[1.467s] DEBUG:colcon.colcon_core.shell:Skip shell extension 'dsv' for command environment
[1.470s] INFO:colcon.colcon_ros.task.ament_python.build:Building ROS package in '/root/project_root/src/robotics_trial' with build type 'ament_python'
[1.471s] Level 1:colcon.colcon_core.shell:create_environment_hook('robotics_trial', 'ament_prefix_path')
[1.471s] INFO:colcon.colcon_core.shell:Creating environment hook '/root/project_root/install/robotics_trial/share/robotics_trial/hook/ament_prefix_path.ps1'
[1.472s] INFO:colcon.colcon_core.shell:Creating environment descriptor '/root/project_root/install/robotics_trial/share/robotics_trial/hook/ament_prefix_path.dsv'
[1.472s] INFO:colcon.colcon_core.shell:Creating environment hook '/root/project_root/install/robotics_trial/share/robotics_trial/hook/ament_prefix_path.sh'
[1.473s] INFO:colcon.colcon_core.shell:Skip shell extension 'powershell' for command environment: Not usable outside of PowerShell
[1.473s] DEBUG:colcon.colcon_core.shell:Skip shell extension 'dsv' for command environment
[1.731s] INFO:colcon.colcon_core.task.python.build:Building Python package in '/root/project_root/src/my_package'
[1.732s] INFO:colcon.colcon_core.shell:Skip shell extension 'powershell' for command environment: Not usable outside of PowerShell
[1.732s] DEBUG:colcon.colcon_core.shell:Skip shell extension 'dsv' for command environment
[2.032s] INFO:colcon.colcon_core.task.python.build:Building Python package in '/root/project_root/src/py_pubsub'
[2.032s] INFO:colcon.colcon_core.shell:Skip shell extension 'powershell' for command environment: Not usable outside of PowerShell
[2.032s] DEBUG:colcon.colcon_core.shell:Skip shell extension 'dsv' for command environment
[2.287s] INFO:colcon.colcon_core.task.python.build:Building Python package in '/root/project_root/src/robotics_trial'
[2.288s] INFO:colcon.colcon_core.shell:Skip shell extension 'powershell' for command environment: Not usable outside of PowerShell
[2.288s] DEBUG:colcon.colcon_core.shell:Skip shell extension 'dsv' for command environment
[2.690s] DEBUG:colcon.colcon_core.event_handler.log_command:Invoking command in '/root/project_root/src/robotics_trial': PYTHONPATH=/root/project_root/build/robotics_trial/prefix_override:/usr/lib/python3/dist-packages/colcon_core/task/python/colcon_distutils_commands:/root/project_root/install/robotics_trial/lib/python3.10/site-packages:${PYTHONPATH} /usr/bin/python3 -W ignore:setup.py install is deprecated setup.py egg_info --egg-base ../../build/robotics_trial build --build-base /root/project_root/build/robotics_trial/build install --record /root/project_root/build/robotics_trial/install.log --single-version-externally-managed install_data
[2.698s] DEBUG:colcon.colcon_core.event_handler.log_command:Invoking command in '/root/project_root/src/py_pubsub': PYTHONPATH=/root/project_root/build/py_pubsub/prefix_override:/usr/lib/python3/dist-packages/colcon_core/task/python/colcon_distutils_commands:/root/project_root/install/py_pubsub/lib/python3.10/site-packages:${PYTHONPATH} /usr/bin/python3 -W ignore:setup.py install is deprecated setup.py egg_info --egg-base ../../build/py_pubsub build --build-base /root/project_root/build/py_pubsub/build install --record /root/project_root/build/py_pubsub/install.log --single-version-externally-managed install_data
[2.700s] DEBUG:colcon.colcon_core.event_handler.log_command:Invoking command in '/root/project_root/src/my_package': PYTHONPATH=/root/project_root/build/my_package/prefix_override:/usr/lib/python3/dist-packages/colcon_core/task/python/colcon_distutils_commands:/root/project_root/install/my_package/lib/python3.10/site-packages:${PYTHONPATH} /usr/bin/python3 -W ignore:setup.py install is deprecated setup.py egg_info --egg-base ../../build/my_package build --build-base /root/project_root/build/my_package/build install --record /root/project_root/build/my_package/install.log --single-version-externally-managed install_data
[2.967s] DEBUG:colcon.colcon_core.event_handler.log_command:Invoked command in '/root/project_root/src/py_pubsub' returned '0': PYTHONPATH=/root/project_root/build/py_pubsub/prefix_override:/usr/lib/python3/dist-packages/colcon_core/task/python/colcon_distutils_commands:/root/project_root/install/py_pubsub/lib/python3.10/site-packages:${PYTHONPATH} /usr/bin/python3 -W ignore:setup.py install is deprecated setup.py egg_info --egg-base ../../build/py_pubsub build --build-base /root/project_root/build/py_pubsub/build install --record /root/project_root/build/py_pubsub/install.log --single-version-externally-managed install_data
[2.979s] Level 1:colcon.colcon_core.environment:checking '/root/project_root/install/py_pubsub' for CMake module files
[2.981s] Level 1:colcon.colcon_core.environment:checking '/root/project_root/install/py_pubsub' for CMake config files
[2.986s] Level 1:colcon.colcon_core.environment:checking '/root/project_root/install/py_pubsub/lib'
[2.986s] Level 1:colcon.colcon_core.environment:checking '/root/project_root/install/py_pubsub/bin'
[2.986s] Level 1:colcon.colcon_core.environment:checking '/root/project_root/install/py_pubsub/lib/pkgconfig/py_pubsub.pc'
[2.986s] Level 1:colcon.colcon_core.environment:checking '/root/project_root/install/py_pubsub/lib/python3.10/site-packages'
[2.987s] Level 1:colcon.colcon_core.shell:create_environment_hook('py_pubsub', 'pythonpath')
[2.987s] INFO:colcon.colcon_core.shell:Creating environment hook '/root/project_root/install/py_pubsub/share/py_pubsub/hook/pythonpath.ps1'
[2.987s] INFO:colcon.colcon_core.shell:Creating environment descriptor '/root/project_root/install/py_pubsub/share/py_pubsub/hook/pythonpath.dsv'
[2.988s] INFO:colcon.colcon_core.shell:Creating environment hook '/root/project_root/install/py_pubsub/share/py_pubsub/hook/pythonpath.sh'
[2.988s] Level 1:colcon.colcon_core.environment:checking '/root/project_root/install/py_pubsub/bin'
[2.988s] Level 1:colcon.colcon_core.environment:create_environment_scripts_only(py_pubsub)
[2.989s] INFO:colcon.colcon_core.shell:Creating package script '/root/project_root/install/py_pubsub/share/py_pubsub/package.ps1'
[2.991s] INFO:colcon.colcon_core.shell:Creating package descriptor '/root/project_root/install/py_pubsub/share/py_pubsub/package.dsv'
[2.992s] INFO:colcon.colcon_core.shell:Creating package script '/root/project_root/install/py_pubsub/share/py_pubsub/package.sh'
[2.994s] INFO:colcon.colcon_core.shell:Creating package script '/root/project_root/install/py_pubsub/share/py_pubsub/package.bash'
[2.995s] INFO:colcon.colcon_core.shell:Creating package script '/root/project_root/install/py_pubsub/share/py_pubsub/package.zsh'
[2.996s] Level 1:colcon.colcon_core.environment:create_file_with_runtime_dependencies(/root/project_root/install/py_pubsub/share/colcon-core/packages/py_pubsub)
[2.999s] Level 1:colcon.colcon_core.environment:checking '/root/project_root/install/robotics_trial' for CMake module files
[3.000s] DEBUG:colcon.colcon_core.event_handler.log_command:Invoked command in '/root/project_root/src/robotics_trial' returned '0': PYTHONPATH=/root/project_root/build/robotics_trial/prefix_override:/usr/lib/python3/dist-packages/colcon_core/task/python/colcon_distutils_commands:/root/project_root/install/robotics_trial/lib/python3.10/site-packages:${PYTHONPATH} /usr/bin/python3 -W ignore:setup.py install is deprecated setup.py egg_info --egg-base ../../build/robotics_trial build --build-base /root/project_root/build/robotics_trial/build install --record /root/project_root/build/robotics_trial/install.log --single-version-externally-managed install_data
[3.000s] Level 1:colcon.colcon_core.environment:checking '/root/project_root/install/robotics_trial' for CMake config files
[3.003s] Level 1:colcon.colcon_core.environment:checking '/root/project_root/install/robotics_trial/lib'
[3.003s] Level 1:colcon.colcon_core.environment:checking '/root/project_root/install/robotics_trial/bin'
[3.003s] Level 1:colcon.colcon_core.environment:checking '/root/project_root/install/robotics_trial/lib/pkgconfig/robotics_trial.pc'
[3.003s] Level 1:colcon.colcon_core.environment:checking '/root/project_root/install/robotics_trial/lib/python3.10/site-packages'
[3.004s] Level 1:colcon.colcon_core.shell:create_environment_hook('robotics_trial', 'pythonpath')
[3.004s] INFO:colcon.colcon_core.shell:Creating environment hook '/root/project_root/install/robotics_trial/share/robotics_trial/hook/pythonpath.ps1'
[3.004s] INFO:colcon.colcon_core.shell:Creating environment descriptor '/root/project_root/install/robotics_trial/share/robotics_trial/hook/pythonpath.dsv'
[3.004s] INFO:colcon.colcon_core.shell:Creating environment hook '/root/project_root/install/robotics_trial/share/robotics_trial/hook/pythonpath.sh'
[3.005s] Level 1:colcon.colcon_core.environment:checking '/root/project_root/install/robotics_trial/bin'
[3.005s] Level 1:colcon.colcon_core.environment:create_environment_scripts_only(robotics_trial)
[3.005s] INFO:colcon.colcon_core.shell:Creating package script '/root/project_root/install/robotics_trial/share/robotics_trial/package.ps1'
[3.006s] INFO:colcon.colcon_core.shell:Creating package descriptor '/root/project_root/install/robotics_trial/share/robotics_trial/package.dsv'
[3.006s] INFO:colcon.colcon_core.shell:Creating package script '/root/project_root/install/robotics_trial/share/robotics_trial/package.sh'
[3.007s] INFO:colcon.colcon_core.shell:Creating package script '/root/project_root/install/robotics_trial/share/robotics_trial/package.bash'
[3.007s] INFO:colcon.colcon_core.shell:Creating package script '/root/project_root/install/robotics_trial/share/robotics_trial/package.zsh'
[3.007s] Level 1:colcon.colcon_core.environment:create_file_with_runtime_dependencies(/root/project_root/install/robotics_trial/share/colcon-core/packages/robotics_trial)
[3.008s] Level 1:colcon.colcon_core.environment:checking '/root/project_root/install/my_package' for CMake module files
[3.009s] DEBUG:colcon.colcon_core.event_handler.log_command:Invoked command in '/root/project_root/src/my_package' returned '0': PYTHONPATH=/root/project_root/build/my_package/prefix_override:/usr/lib/python3/dist-packages/colcon_core/task/python/colcon_distutils_commands:/root/project_root/install/my_package/lib/python3.10/site-packages:${PYTHONPATH} /usr/bin/python3 -W ignore:setup.py install is deprecated setup.py egg_info --egg-base ../../build/my_package build --build-base /root/project_root/build/my_package/build install --record /root/project_root/build/my_package/install.log --single-version-externally-managed install_data
[3.010s] Level 1:colcon.colcon_core.environment:checking '/root/project_root/install/my_package' for CMake config files
[3.014s] Level 1:colcon.colcon_core.environment:checking '/root/project_root/install/my_package/lib'
[3.015s] Level 1:colcon.colcon_core.environment:checking '/root/project_root/install/my_package/bin'
[3.015s] Level 1:colcon.colcon_core.environment:checking '/root/project_root/install/my_package/lib/pkgconfig/my_package.pc'
[3.015s] Level 1:colcon.colcon_core.environment:checking '/root/project_root/install/my_package/lib/python3.10/site-packages'
[3.015s] Level 1:colcon.colcon_core.shell:create_environment_hook('my_package', 'pythonpath')
[3.015s] INFO:colcon.colcon_core.shell:Creating environment hook '/root/project_root/install/my_package/share/my_package/hook/pythonpath.ps1'
[3.016s] INFO:colcon.colcon_core.shell:Creating environment descriptor '/root/project_root/install/my_package/share/my_package/hook/pythonpath.dsv'
[3.016s] INFO:colcon.colcon_core.shell:Creating environment hook '/root/project_root/install/my_package/share/my_package/hook/pythonpath.sh'
[3.016s] Level 1:colcon.colcon_core.environment:checking '/root/project_root/install/my_package/bin'
[3.017s] Level 1:colcon.colcon_core.environment:create_environment_scripts_only(my_package)
[3.017s] INFO:colcon.colcon_core.shell:Creating package script '/root/project_root/install/my_package/share/my_package/package.ps1'
[3.017s] INFO:colcon.colcon_core.shell:Creating package descriptor '/root/project_root/install/my_package/share/my_package/package.dsv'
[3.018s] INFO:colcon.colcon_core.shell:Creating package script '/root/project_root/install/my_package/share/my_package/package.sh'
[3.019s] INFO:colcon.colcon_core.shell:Creating package script '/root/project_root/install/my_package/share/my_package/package.bash'
[3.020s] INFO:colcon.colcon_core.shell:Creating package script '/root/project_root/install/my_package/share/my_package/package.zsh'
[3.020s] Level 1:colcon.colcon_core.environment:create_file_with_runtime_dependencies(/root/project_root/install/my_package/share/colcon-core/packages/my_package)
[3.020s] DEBUG:colcon.colcon_parallel_executor.executor.parallel:closing loop
[3.020s] DEBUG:colcon.colcon_parallel_executor.executor.parallel:loop closed
[3.021s] DEBUG:colcon.colcon_parallel_executor.executor.parallel:run_until_complete finished with '0'
[3.022s] DEBUG:colcon.colcon_core.event_reactor:joining thread
[3.183s] INFO:colcon.colcon_core.plugin_system:Skipping extension 'colcon_notification.desktop_notification.notify_send': Could not find 'notify-send'
[3.183s] INFO:colcon.colcon_core.plugin_system:Skipping extension 'colcon_notification.desktop_notification.terminal_notifier': Not used on non-Darwin systems
[3.183s] INFO:colcon.colcon_core.plugin_system:Skipping extension 'colcon_notification.desktop_notification.win32': Not used on non-Windows systems
[3.183s] INFO:colcon.colcon_notification.desktop_notification:Sending desktop notification using 'notify2'
[3.184s] DEBUG:colcon.colcon_notification.desktop_notification.notify2:Failed to initialize notify2: org.freedesktop.DBus.Error.FileNotFound: Failed to connect to socket /run/user/0/bus: No such file or directory
[3.184s] DEBUG:colcon.colcon_core.event_reactor:joined thread
[3.184s] INFO:colcon.colcon_core.shell:Creating prefix script '/root/project_root/install/local_setup.ps1'
[3.186s] INFO:colcon.colcon_core.shell:Creating prefix util module '/root/project_root/install/_local_setup_util_ps1.py'
[3.189s] INFO:colcon.colcon_core.shell:Creating prefix chain script '/root/project_root/install/setup.ps1'
[3.190s] INFO:colcon.colcon_core.shell:Creating prefix script '/root/project_root/install/local_setup.sh'
[3.191s] INFO:colcon.colcon_core.shell:Creating prefix util module '/root/project_root/install/_local_setup_util_sh.py'
[3.192s] INFO:colcon.colcon_core.shell:Creating prefix chain script '/root/project_root/install/setup.sh'
[3.193s] INFO:colcon.colcon_core.shell:Creating prefix script '/root/project_root/install/local_setup.bash'
[3.195s] INFO:colcon.colcon_core.shell:Creating prefix chain script '/root/project_root/install/setup.bash'
[3.196s] INFO:colcon.colcon_core.shell:Creating prefix script '/root/project_root/install/local_setup.zsh'
[3.197s] INFO:colcon.colcon_core.shell:Creating prefix chain script '/root/project_root/install/setup.zsh'
