/root/project_root/install/robotics_trial/lib/python3.10/site-packages/robotics_trial/final_path.py
/root/project_root/install/robotics_trial/lib/python3.10/site-packages/robotics_trial/__init__.py
/root/project_root/install/robotics_trial/lib/python3.10/site-packages/robotics_trial/start_node_publish.py
/root/project_root/install/robotics_trial/lib/python3.10/site-packages/robotics_trial/goal_node_publish.py
/root/project_root/install/robotics_trial/lib/python3.10/site-packages/robotics_trial/map_publisher.py
/root/project_root/install/robotics_trial/lib/python3.10/site-packages/robotics_trial/__pycache__/final_path.cpython-310.pyc
/root/project_root/install/robotics_trial/lib/python3.10/site-packages/robotics_trial/__pycache__/__init__.cpython-310.pyc
/root/project_root/install/robotics_trial/lib/python3.10/site-packages/robotics_trial/__pycache__/start_node_publish.cpython-310.pyc
/root/project_root/install/robotics_trial/lib/python3.10/site-packages/robotics_trial/__pycache__/goal_node_publish.cpython-310.pyc
/root/project_root/install/robotics_trial/lib/python3.10/site-packages/robotics_trial/__pycache__/map_publisher.cpython-310.pyc
/root/project_root/install/robotics_trial/share/ament_index/resource_index/packages/robotics_trial
/root/project_root/install/robotics_trial/share/robotics_trial/package.xml
/root/project_root/install/robotics_trial/share/robotics_trial/launch/trial_launch.py
/root/project_root/install/robotics_trial/lib/python3.10/site-packages/robotics_trial-0.0.0-py3.10.egg-info/SOURCES.txt
/root/project_root/install/robotics_trial/lib/python3.10/site-packages/robotics_trial-0.0.0-py3.10.egg-info/requires.txt
/root/project_root/install/robotics_trial/lib/python3.10/site-packages/robotics_trial-0.0.0-py3.10.egg-info/entry_points.txt
/root/project_root/install/robotics_trial/lib/python3.10/site-packages/robotics_trial-0.0.0-py3.10.egg-info/top_level.txt
/root/project_root/install/robotics_trial/lib/python3.10/site-packages/robotics_trial-0.0.0-py3.10.egg-info/zip-safe
/root/project_root/install/robotics_trial/lib/python3.10/site-packages/robotics_trial-0.0.0-py3.10.egg-info/dependency_links.txt
/root/project_root/install/robotics_trial/lib/python3.10/site-packages/robotics_trial-0.0.0-py3.10.egg-info/PKG-INFO
/root/project_root/install/robotics_trial/lib/robotics_trial/goal_node_publisher
/root/project_root/install/robotics_trial/lib/robotics_trial/map_publisher
/root/project_root/install/robotics_trial/lib/robotics_trial/path_compute
/root/project_root/install/robotics_trial/lib/robotics_trial/start_node_publisher
